subject		lateralPosition		origin				rot					targetCenter		distanceMissed		VirtualCondition		
s666		-1			(-2.0, 0.2, -1.8)		(0.3, 0.4, 0.0, 0.9)	(-0.3, -0.1, 0.2)		0.342505375179383		Virt
s666		0			(-2.0, 0.2, -1.8)		(0.3, 0.4, 0.0, 0.9)	(-0.3, -0.1, 0.2)		0.359673126287177		Virt
s666		1			(-2.0, 0.2, -1.8)		(0.3, 0.4, 0.0, 0.9)	(-0.3, -0.1, 0.2)		0.359636919185031		Virt
s666		2			(-2.1, 0.2, -1.8)		(0.3, 0.4, 0.0, 0.9)	(-0.3, -0.1, 0.2)		0.344598091045729		Virt
s666		3			(-2.1, 0.2, -1.8)		(0.3, 0.4, 0.0, 0.9)	(-0.3, -0.1, 0.2)		0.355525223843794		Virt
s666		4			(-2.1, 0.2, -1.8)		(0.3, 0.4, 0.0, 0.9)	(-0.3, -0.1, 0.2)		0.346669514914438		Virt
s666		5			(-2.1, 0.2, -1.8)		(0.3, 0.4, 0.0, 0.9)	(-0.3, -0.1, 0.2)		0.3505045855716		Virt
s666		-1			(0.0, -0.3, 0.0)		(-0.3, 0.5, -0.1, -0.8)	(-0.4, -0.1, 0.3)		-0.0151788202993824		Virt
s666		0			(0.0, -0.3, 0.0)		(-0.3, 0.4, -0.1, -0.8)	(-0.4, -0.1, 0.3)		-0.00891007890272676		Virt
s666		1			(0.0, -0.3, 0.0)		(-0.3, 0.5, -0.1, -0.8)	(-0.4, -0.1, 0.3)		-0.0122760084527991		Virt
s666		2			(0.0, -0.3, 0.0)		(-0.3, 0.5, -0.1, -0.8)	(-0.4, -0.1, 0.3)		-0.00970594832425474		Virt
s666		3			(0.0, -0.3, 0.0)		(-0.2, 0.5, -0.1, -0.8)	(-0.4, -0.1, 0.3)		-0.00751887961126217		Virt
s666		4			(0.0, -0.3, 0.0)		(-0.3, 0.5, -0.1, -0.8)	(-0.4, -0.1, 0.3)		-0.013057094580972		Virt
s666		5			(0.0, -0.3, 0.0)		(-0.2, 0.5, -0.1, -0.8)	(-0.4, -0.1, 0.3)		-0.0128237250348855		Virt
s666		-1			(-0.1, -0.2, 0.1)		(0.0, -0.6, 0.1, 0.8)	(-0.3, -0.1, 0.2)		0.0146395939262655		Virt
s666		0			(-0.1, -0.2, 0.1)		(0.1, -0.6, 0.1, 0.8)	(-0.3, -0.1, 0.2)		0.0219114816356683		Virt
s666		1			(-0.1, -0.2, 0.1)		(0.0, -0.6, 0.1, 0.8)	(-0.3, -0.1, 0.2)		0.0282190327763076		Virt
s666		2			(-0.1, -0.2, 0.1)		(0.0, -0.7, 0.1, 0.7)	(-0.3, -0.1, 0.2)		0.0276473238707535		Virt
s666		3			(-0.1, -0.2, 0.1)		(0.0, -0.7, 0.1, 0.7)	(-0.3, -0.1, 0.2)		0.0275012610451736		Virt
s666		4			(-0.1, -0.2, 0.1)		(0.0, -0.7, 0.1, 0.7)	(-0.3, -0.1, 0.2)		0.0277127917833682		Virt
s666		-1			(-0.1, -0.4, 0.0)		(-0.1, 0.6, 0.0, -0.8)	(-0.4, -0.2, 0.1)		-0.0501500329079125		Virt
s666		0			(-0.1, -0.4, 0.0)		(-0.1, 0.6, 0.0, -0.8)	(-0.4, -0.2, 0.1)		-0.0469702746465222		Virt
s666		1			(-0.1, -0.4, 0.0)		(-0.1, 0.6, 0.0, -0.8)	(-0.4, -0.2, 0.1)		-0.0408968533282858		Virt
s666		2			(-0.1, -0.4, 0.0)		(-0.1, 0.6, 0.0, -0.8)	(-0.4, -0.2, 0.1)		-0.0433924453889258		Virt
s666		-1			(0.0, -0.6, 0.3)		(-0.7, 0.1, 0.7, 0.0)	(-0.4, -0.1, 0.1)		0.109687932516074		Virt
s666		0			(0.0, -0.6, 0.3)		(-0.7, 0.1, 0.7, 0.0)	(-0.4, -0.1, 0.1)		0.0993266046728507		Virt
s666		1			(0.0, -0.6, 0.3)		(-0.7, 0.1, 0.7, 0.0)	(-0.4, -0.1, 0.1)		0.0742473305475477		Virt
s666		2			(0.0, -0.6, 0.3)		(-0.7, 0.1, 0.7, 0.0)	(-0.4, -0.1, 0.1)		0.0634980410368103		Virt
s666		-1			(-0.1, -0.2, -0.2)		(-0.1, 0.9, 0.0, -0.5)	(-0.3, 0.0, 0.1)		-0.0360664958163957		Virt
s666		0			(-0.1, -0.2, -0.2)		(-0.1, 0.9, 0.1, -0.5)	(-0.3, 0.0, 0.1)		-0.0564949425063278		Virt
s666		1			(-0.1, -0.2, -0.2)		(-0.1, 0.9, 0.1, -0.5)	(-0.3, 0.0, 0.1)		-0.0548626372778586		Virt
s666		2			(-0.1, -0.2, -0.2)		(0.0, 0.9, 0.1, -0.5)	(-0.3, 0.0, 0.1)		-0.0445283078232504		Virt
s666		3			(-0.1, -0.2, -0.2)		(0.0, 0.9, 0.1, -0.5)	(-0.3, 0.0, 0.1)		-0.046522277540057		Virt
s666		4			(-0.1, -0.2, -0.2)		(0.0, 0.9, 0.1, -0.5)	(-0.3, 0.0, 0.1)		-0.0445953367925054		Virt
s666		5			(-0.1, -0.2, -0.2)		(0.0, 0.9, 0.1, -0.5)	(-0.3, 0.0, 0.1)		-0.0372090972188059		Virt
s666		-1			(0.2, -0.2, 0.1)		(0.0, 0.2, 0.4, -0.9)	(-0.4, 0.0, 0.1)		-0.827093900231973		Virt
s666		0			(0.2, -0.2, 0.1)		(0.1, 0.1, 0.3, -0.9)	(-0.4, 0.0, 0.1)		-0.554886948657377		Virt
s666		-1			(-0.1, -0.4, 0.0)		(0.3, 0.7, -0.2, -0.6)	(-0.4, 0.0, 0.2)		0.324606489740852		Virt
s666		-1			(0.2, -0.4, 0.1)		(0.1, 0.2, 0.0, -1.0)	(0.3, 0.0, 0.5)		-0.015418709069545		Real
s666		0			(0.3, -0.4, 0.2)		(0.0, 0.1, 0.1, -1.0)	(0.3, 0.0, 0.5)		-0.0561832200865737		Real
s666		1			(0.3, -0.4, 0.2)		(0.0, 0.2, 0.1, -1.0)	(0.3, 0.0, 0.5)		-0.0601803090994857		Real
s666		2			(0.3, -0.4, 0.2)		(0.0, 0.2, 0.1, -1.0)	(0.3, 0.0, 0.5)		-0.0695793490074026		Real
s666		3			(0.3, -0.4, 0.2)		(0.0, 0.2, 0.1, -1.0)	(0.3, 0.0, 0.5)		-0.0683154072540978		Real
s666		4			(0.3, -0.4, 0.2)		(0.0, 0.2, 0.1, -1.0)	(0.3, 0.0, 0.5)		-0.0710718916452993		Real
s666		5			(0.3, -0.4, 0.2)		(0.0, 0.2, 0.1, -1.0)	(0.3, 0.0, 0.5)		-0.0719247482545609		Real
s666		-1			(-0.2, 0.0, -0.2)		(0.0, -0.4, 0.2, -0.9)	(-0.4, 0.5, -0.7)		-0.217527063186596		Virt
s666		0			(-0.2, 0.0, -0.2)		(0.0, -0.4, 0.2, -0.9)	(-0.4, 0.5, -0.7)		-0.168492151932596		Virt
s666		1			(-0.2, 0.0, -0.2)		(0.0, -0.4, 0.2, -0.9)	(-0.4, 0.5, -0.7)		-0.155683177626798		Virt
s666		2			(-0.2, 0.0, -0.2)		(0.0, -0.4, 0.2, -0.9)	(-0.4, 0.5, -0.7)		-0.155613210978432		Virt
s666		3			(-0.2, 0.1, -0.2)		(0.0, -0.5, 0.2, -0.9)	(-0.4, 0.5, -0.7)		-0.195036368068004		Virt
s666		4			(-0.2, 0.0, -0.2)		(0.0, -0.5, 0.2, -0.9)	(-0.4, 0.5, -0.7)		-0.169198560785382		Virt
s666		5			(-0.2, 0.0, -0.2)		(0.0, -0.5, 0.2, -0.9)	(-0.4, 0.5, -0.7)		-0.159334650097296		Virt
s666		-1			(-0.6, 0.2, 0.0)		(-0.1, 0.3, -0.4, -0.9)	(-0.4, 0.5, -0.7)		0.329790074768185		Virt
s666		-1			(-0.7, 0.4, 0.1)		(0.0, 0.0, 0.1, -1.0)	(-0.4, 0.5, -0.8)		-0.0407072868807473		Virt
s666		-1			(-0.4, 0.3, -0.2)		(0.0, -0.1, 0.1, -1.0)	(-0.4, 0.5, -0.7)		-0.0369000093090216		Virt
s666		-1			(-0.2, 0.4, -0.5)		(-0.1, -0.7, 0.0, -0.8)	(-0.4, 0.5, -0.8)		0.0143571654343192		Virt
s666		0			(-0.3, 0.3, -0.5)		(-0.1, -0.6, 0.0, -0.8)	(-0.4, 0.5, -0.8)		0.0328476726386571		Virt
s666		-1			(-0.2, 0.4, -0.4)		(0.0, -0.7, 0.0, -0.8)	(-0.4, 0.5, -0.7)		-0.00289280503250459		Virt
s666		0			(-0.3, 0.4, -0.2)		(-0.1, -0.4, 0.0, -0.9)	(-0.4, 0.5, -0.7)		0.00481902797853667		Virt
s666		-1			(-0.3, 0.3, -0.3)		(0.0, -0.6, 0.1, -0.8)	(-0.4, 0.5, -0.7)		-0.0203866491674391		Virt
s666		0			(-0.3, 0.3, -0.3)		(0.0, -0.6, 0.0, -0.8)	(-0.4, 0.5, -0.7)		0.0129876334980523		Virt
s666		-1			(-0.3, 0.3, -0.4)		(-0.1, -0.6, 0.1, -0.8)	(-0.4, 0.5, -0.7)		0.00220144617672519		Virt
